

Started GET "/" for 179.34.20.64 at 2016-05-16 02:08:17 +0000

ActionController::RoutingError (uninitialized constant ControllerController):
  activesupport (4.2.2) lib/active_support/inflector/methods.rb:261:in `const_get'
  activesupport (4.2.2) lib/active_support/inflector/methods.rb:261:in `block in constantize'
  activesupport (4.2.2) lib/active_support/inflector/methods.rb:259:in `each'
  activesupport (4.2.2) lib/active_support/inflector/methods.rb:259:in `inject'
  activesupport (4.2.2) lib/active_support/inflector/methods.rb:259:in `constantize'
  actionpack (4.2.2) lib/action_dispatch/routing/route_set.rb:70:in `controller_reference'
  actionpack (4.2.2) lib/action_dispatch/routing/route_set.rb:60:in `controller'
  actionpack (4.2.2) lib/action_dispatch/routing/route_set.rb:39:in `serve'
  actionpack (4.2.2) lib/action_dispatch/journey/router.rb:43:in `block in serve'
  actionpack (4.2.2) lib/action_dispatch/journey/router.rb:30:in `each'
  actionpack (4.2.2) lib/action_dispatch/journey/router.rb:30:in `serve'
  actionpack (4.2.2) lib/action_dispatch/routing/route_set.rb:819:in `call'
  rack (1.6.4) lib/rack/etag.rb:24:in `call'
  rack (1.6.4) lib/rack/conditionalget.rb:25:in `call'
  rack (1.6.4) lib/rack/head.rb:13:in `call'
  actionpack (4.2.2) lib/action_dispatch/middleware/params_parser.rb:27:in `call'
  actionpack (4.2.2) lib/action_dispatch/middleware/flash.rb:260:in `call'
  rack (1.6.4) lib/rack/session/abstract/id.rb:225:in `context'
  rack (1.6.4) lib/rack/session/abstract/id.rb:220:in `call'
  actionpack (4.2.2) lib/action_dispatch/middleware/cookies.rb:560:in `call'
  activerecord (4.2.2) lib/active_record/query_cache.rb:36:in `call'
  activerecord (4.2.2) lib/active_record/connection_adapters/abstract/connection_pool.rb:649:in `call'
  activerecord (4.2.2) lib/active_record/migration.rb:378:in `call'
  actionpack (4.2.2) lib/action_dispatch/middleware/callbacks.rb:29:in `block in call'
  activesupport (4.2.2) lib/active_support/callbacks.rb:88:in `_run_callbacks'
  activesupport (4.2.2) lib/active_support/callbacks.rb:776:in `_run_call_callbacks'
  activesupport (4.2.2) lib/active_support/callbacks.rb:81:in `run_callbacks'
  actionpack (4.2.2) lib/action_dispatch/middleware/callbacks.rb:27:in `call'
  actionpack (4.2.2) lib/action_dispatch/middleware/reloader.rb:73:in `call'
  actionpack (4.2.2) lib/action_dispatch/middleware/remote_ip.rb:78:in `call'
  web-console (2.0.0.beta3) lib/action_dispatch/debug_exceptions.rb:18:in `middleware_call'
  web-console (2.0.0.beta3) lib/action_dispatch/debug_exceptions.rb:13:in `call'
  actionpack (4.2.2) lib/action_dispatch/middleware/show_exceptions.rb:30:in `call'
  railties (4.2.2) lib/rails/rack/logger.rb:38:in `call_app'
  railties (4.2.2) lib/rails/rack/logger.rb:20:in `block in call'
  activesupport (4.2.2) lib/active_support/tagged_logging.rb:68:in `block in tagged'
  activesupport (4.2.2) lib/active_support/tagged_logging.rb:26:in `tagged'
  activesupport (4.2.2) lib/active_support/tagged_logging.rb:68:in `tagged'
  railties (4.2.2) lib/rails/rack/logger.rb:20:in `call'
  actionpack (4.2.2) lib/action_dispatch/middleware/request_id.rb:21:in `call'
  rack (1.6.4) lib/rack/methodoverride.rb:22:in `call'
  rack (1.6.4) lib/rack/runtime.rb:18:in `call'
  activesupport (4.2.2) lib/active_support/cache/strategy/local_cache_middleware.rb:28:in `call'
  rack (1.6.4) lib/rack/lock.rb:17:in `call'
  actionpack (4.2.2) lib/action_dispatch/middleware/static.rb:113:in `call'
  rack (1.6.4) lib/rack/sendfile.rb:113:in `call'
  railties (4.2.2) lib/rails/engine.rb:518:in `call'
  railties (4.2.2) lib/rails/application.rb:164:in `call'
  rack (1.6.4) lib/rack/lock.rb:17:in `call'
  rack (1.6.4) lib/rack/content_length.rb:15:in `call'
  rack (1.6.4) lib/rack/handler/webrick.rb:88:in `service'
  /usr/local/rvm/rubies/ruby-2.3.0/lib/ruby/2.3.0/webrick/httpserver.rb:140:in `service'
  /usr/local/rvm/rubies/ruby-2.3.0/lib/ruby/2.3.0/webrick/httpserver.rb:96:in `run'
  /usr/local/rvm/rubies/ruby-2.3.0/lib/ruby/2.3.0/webrick/server.rb:296:in `block in start_thread'


  Rendered /usr/local/rvm/gems/ruby-2.3.0/gems/web-console-2.0.0.beta3/lib/action_dispatch/templates/rescues/_trace.html.erb (2.4ms)
  Rendered /usr/local/rvm/gems/ruby-2.3.0/gems/web-console-2.0.0.beta3/lib/action_dispatch/templates/rescues/routing_error.html.erb within rescues/layout (89.9ms)


Started GET "/" for 179.34.20.64 at 2016-05-16 02:08:53 +0000

ActionController::RoutingError (uninitialized constant ControllerController):
  activesupport (4.2.2) lib/active_support/inflector/methods.rb:261:in `const_get'
  activesupport (4.2.2) lib/active_support/inflector/methods.rb:261:in `block in constantize'
  activesupport (4.2.2) lib/active_support/inflector/methods.rb:259:in `each'
  activesupport (4.2.2) lib/active_support/inflector/methods.rb:259:in `inject'
  activesupport (4.2.2) lib/active_support/inflector/methods.rb:259:in `constantize'
  actionpack (4.2.2) lib/action_dispatch/routing/route_set.rb:70:in `controller_reference'
  actionpack (4.2.2) lib/action_dispatch/routing/route_set.rb:60:in `controller'
  actionpack (4.2.2) lib/action_dispatch/routing/route_set.rb:39:in `serve'
  actionpack (4.2.2) lib/action_dispatch/journey/router.rb:43:in `block in serve'
  actionpack (4.2.2) lib/action_dispatch/journey/router.rb:30:in `each'
  actionpack (4.2.2) lib/action_dispatch/journey/router.rb:30:in `serve'
  actionpack (4.2.2) lib/action_dispatch/routing/route_set.rb:819:in `call'
  rack (1.6.4) lib/rack/etag.rb:24:in `call'
  rack (1.6.4) lib/rack/conditionalget.rb:25:in `call'
  rack (1.6.4) lib/rack/head.rb:13:in `call'
  actionpack (4.2.2) lib/action_dispatch/middleware/params_parser.rb:27:in `call'
  actionpack (4.2.2) lib/action_dispatch/middleware/flash.rb:260:in `call'
  rack (1.6.4) lib/rack/session/abstract/id.rb:225:in `context'
  rack (1.6.4) lib/rack/session/abstract/id.rb:220:in `call'
  actionpack (4.2.2) lib/action_dispatch/middleware/cookies.rb:560:in `call'
  activerecord (4.2.2) lib/active_record/query_cache.rb:36:in `call'
  activerecord (4.2.2) lib/active_record/connection_adapters/abstract/connection_pool.rb:649:in `call'
  activerecord (4.2.2) lib/active_record/migration.rb:378:in `call'
  actionpack (4.2.2) lib/action_dispatch/middleware/callbacks.rb:29:in `block in call'
  activesupport (4.2.2) lib/active_support/callbacks.rb:88:in `_run_callbacks'
  activesupport (4.2.2) lib/active_support/callbacks.rb:776:in `_run_call_callbacks'
  activesupport (4.2.2) lib/active_support/callbacks.rb:81:in `run_callbacks'
  actionpack (4.2.2) lib/action_dispatch/middleware/callbacks.rb:27:in `call'
  actionpack (4.2.2) lib/action_dispatch/middleware/reloader.rb:73:in `call'
  actionpack (4.2.2) lib/action_dispatch/middleware/remote_ip.rb:78:in `call'
  web-console (2.0.0.beta3) lib/action_dispatch/debug_exceptions.rb:18:in `middleware_call'
  web-console (2.0.0.beta3) lib/action_dispatch/debug_exceptions.rb:13:in `call'
  actionpack (4.2.2) lib/action_dispatch/middleware/show_exceptions.rb:30:in `call'
  railties (4.2.2) lib/rails/rack/logger.rb:38:in `call_app'
  railties (4.2.2) lib/rails/rack/logger.rb:20:in `block in call'
  activesupport (4.2.2) lib/active_support/tagged_logging.rb:68:in `block in tagged'
  activesupport (4.2.2) lib/active_support/tagged_logging.rb:26:in `tagged'
  activesupport (4.2.2) lib/active_support/tagged_logging.rb:68:in `tagged'
  railties (4.2.2) lib/rails/rack/logger.rb:20:in `call'
  actionpack (4.2.2) lib/action_dispatch/middleware/request_id.rb:21:in `call'
  rack (1.6.4) lib/rack/methodoverride.rb:22:in `call'
  rack (1.6.4) lib/rack/runtime.rb:18:in `call'
  activesupport (4.2.2) lib/active_support/cache/strategy/local_cache_middleware.rb:28:in `call'
  rack (1.6.4) lib/rack/lock.rb:17:in `call'
  actionpack (4.2.2) lib/action_dispatch/middleware/static.rb:113:in `call'
  rack (1.6.4) lib/rack/sendfile.rb:113:in `call'
  railties (4.2.2) lib/rails/engine.rb:518:in `call'
  railties (4.2.2) lib/rails/application.rb:164:in `call'
  rack (1.6.4) lib/rack/lock.rb:17:in `call'
  rack (1.6.4) lib/rack/content_length.rb:15:in `call'
  rack (1.6.4) lib/rack/handler/webrick.rb:88:in `service'
  /usr/local/rvm/rubies/ruby-2.3.0/lib/ruby/2.3.0/webrick/httpserver.rb:140:in `service'
  /usr/local/rvm/rubies/ruby-2.3.0/lib/ruby/2.3.0/webrick/httpserver.rb:96:in `run'
  /usr/local/rvm/rubies/ruby-2.3.0/lib/ruby/2.3.0/webrick/server.rb:296:in `block in start_thread'


  Rendered /usr/local/rvm/gems/ruby-2.3.0/gems/web-console-2.0.0.beta3/lib/action_dispatch/templates/rescues/_trace.html.erb (2.8ms)
  Rendered /usr/local/rvm/gems/ruby-2.3.0/gems/web-console-2.0.0.beta3/lib/action_dispatch/templates/rescues/routing_error.html.erb within rescues/layout (88.1ms)


Started GET "/" for 179.34.20.64 at 2016-05-16 02:09:59 +0000
Processing by ApplicationController#hello as HTML
  Rendered text template (0.0ms)
Completed 200 OK in 31ms (Views: 17.5ms | ActiveRecord: 0.0ms)
  [1m[36m (16.7ms)[0m  [1mCREATE TABLE "schema_migrations" ("version" varchar NOT NULL) [0m
  [1m[35m (0.3ms)[0m  select sqlite_version(*)
  [1m[36m (10.7ms)[0m  [1mCREATE UNIQUE INDEX "unique_schema_migrations" ON "schema_migrations" ("version")[0m
  [1m[35mActiveRecord::SchemaMigration Load (0.1ms)[0m  SELECT "schema_migrations".* FROM "schema_migrations"
Migrating to CreateUsers (20160516022646)
  [1m[36m (0.1ms)[0m  [1mbegin transaction[0m
  [1m[35m (0.6ms)[0m  CREATE TABLE "users" ("id" INTEGER PRIMARY KEY AUTOINCREMENT NOT NULL, "name" varchar, "email" varchar, "created_at" datetime NOT NULL, "updated_at" datetime NOT NULL) 
  [1m[36mSQL (0.2ms)[0m  [1mINSERT INTO "schema_migrations" ("version") VALUES (?)[0m  [["version", "20160516022646"]]
  [1m[35m (13.6ms)[0m  commit transaction
  [1m[36mActiveRecord::SchemaMigration Load (0.1ms)[0m  [1mSELECT "schema_migrations".* FROM "schema_migrations"[0m


Started GET "/" for 179.34.20.64 at 2016-05-16 02:27:25 +0000
  [1m[36mActiveRecord::SchemaMigration Load (0.3ms)[0m  [1mSELECT "schema_migrations".* FROM "schema_migrations"[0m
Processing by ApplicationController#hello as HTML
  Rendered text template (0.0ms)
Completed 200 OK in 33ms (Views: 19.1ms | ActiveRecord: 0.0ms)


Started GET "/users" for 179.34.20.64 at 2016-05-16 02:27:31 +0000
Processing by UsersController#index as HTML
  [1m[35mUser Load (0.3ms)[0m  SELECT "users".* FROM "users"
  Rendered users/index.html.erb within layouts/application (7.1ms)
Completed 200 OK in 1419ms (Views: 1414.8ms | ActiveRecord: 0.5ms)


Started GET "/assets/scaffolds.self-a93484b278f2e5004afcdb4e78d039f3de005c799c2b9708e5e95373ff183efb.css?body=1" for 179.34.20.64 at 2016-05-16 02:27:33 +0000


Started GET "/assets/users.self-e3b0c44298fc1c149afbf4c8996fb92427ae41e4649b934ca495991b7852b855.css?body=1" for 179.34.20.64 at 2016-05-16 02:27:33 +0000


Started GET "/assets/application.self-e80e8f2318043e8af94dddc2adad5a4f09739a8ebb323b3ab31cd71d45fd9113.css?body=1" for 179.34.20.64 at 2016-05-16 02:27:33 +0000


Started GET "/assets/turbolinks.self-c846e670826600e8c91b1a5ada3e6547110d996cd6ff24cde55024f7a135a1b4.js?body=1" for 179.34.20.64 at 2016-05-16 02:27:33 +0000


Started GET "/assets/jquery.self-d03a5518f45df77341bdbe6201ba3bfa547ebba8ed64f0ea56bfa5f96ea7c074.js?body=1" for 179.34.20.64 at 2016-05-16 02:27:33 +0000


Started GET "/assets/users.self-877aef30ae1b040ab8a3aba4e3e309a11d7f2612f44dde450b5c157aa5f95c05.js?body=1" for 179.34.20.64 at 2016-05-16 02:27:33 +0000


Started GET "/assets/jquery_ujs.self-8e98a7a072a6cee1372d19fff9ff3e6aa1e39a37d89d6f06861637d061113ee7.js?body=1" for 179.34.20.64 at 2016-05-16 02:27:33 +0000


Started GET "/assets/application.self-3b8dabdc891efe46b9a144b400ad69e37d7e5876bdc39dee783419a69d7ca819.js?body=1" for 179.34.20.64 at 2016-05-16 02:27:33 +0000


Started GET "/users/new" for 179.34.20.64 at 2016-05-16 02:27:37 +0000
Processing by UsersController#new as HTML
  Rendered users/_form.html.erb (86.6ms)
  Rendered users/new.html.erb within layouts/application (99.9ms)
Completed 200 OK in 181ms (Views: 171.6ms | ActiveRecord: 0.5ms)


Started POST "/users" for 179.34.20.64 at 2016-05-16 02:27:46 +0000
Processing by UsersController#create as HTML
  Parameters: {"utf8"=>"✓", "authenticity_token"=>"ucq4VVW+Zo9XmAb0RnBySNDAJNE8acGGUY0PX5KLmN/Gsyk1vlISOPpmxT5nSAdsCfEsVBnMTsSZhQvq0K+E5Q==", "user"=>{"name"=>"Renan", "email"=>"a@a.com"}, "commit"=>"Create User"}
  [1m[36m (0.2ms)[0m  [1mbegin transaction[0m
  [1m[35mSQL (0.8ms)[0m  INSERT INTO "users" ("name", "email", "created_at", "updated_at") VALUES (?, ?, ?, ?)  [["name", "Renan"], ["email", "a@a.com"], ["created_at", "2016-05-16 02:27:46.296978"], ["updated_at", "2016-05-16 02:27:46.296978"]]
  [1m[36m (15.0ms)[0m  [1mcommit transaction[0m
Redirected to https://rdamacedo-rails-tutorial-rdamacedo.c9users.io/users/1
Completed 302 Found in 60ms (ActiveRecord: 16.0ms)


Started GET "/users/1" for 179.34.20.64 at 2016-05-16 02:27:46 +0000
Processing by UsersController#show as HTML
  Parameters: {"id"=>"1"}
  [1m[35mUser Load (0.4ms)[0m  SELECT  "users".* FROM "users" WHERE "users"."id" = ? LIMIT 1  [["id", 1]]
  Rendered users/show.html.erb within layouts/application (1.8ms)
Completed 200 OK in 100ms (Views: 78.9ms | ActiveRecord: 0.4ms)


Started GET "/users/1/edit" for 179.34.20.64 at 2016-05-16 02:27:49 +0000
Processing by UsersController#edit as HTML
  Parameters: {"id"=>"1"}
  [1m[36mUser Load (0.4ms)[0m  [1mSELECT  "users".* FROM "users" WHERE "users"."id" = ? LIMIT 1[0m  [["id", 1]]
  Rendered users/_form.html.erb (4.0ms)
  Rendered users/edit.html.erb within layouts/application (11.3ms)
Completed 200 OK in 149ms (Views: 144.7ms | ActiveRecord: 0.4ms)


Started GET "/users" for 179.34.20.64 at 2016-05-16 02:27:51 +0000
Processing by UsersController#index as HTML
  [1m[35mUser Load (0.4ms)[0m  SELECT "users".* FROM "users"
  Rendered users/index.html.erb within layouts/application (6.2ms)
Completed 200 OK in 64ms (Views: 61.4ms | ActiveRecord: 0.4ms)
  [1m[36mActiveRecord::SchemaMigration Load (0.2ms)[0m  [1mSELECT "schema_migrations".* FROM "schema_migrations"[0m
Migrating to CreateMicroposts (20160516122130)
  [1m[35m (0.1ms)[0m  begin transaction
  [1m[36m (0.7ms)[0m  [1mCREATE TABLE "microposts" ("id" INTEGER PRIMARY KEY AUTOINCREMENT NOT NULL, "text" varchar, "user_id" integer, "created_at" datetime NOT NULL, "updated_at" datetime NOT NULL) [0m
  [1m[35mSQL (0.3ms)[0m  INSERT INTO "schema_migrations" ("version") VALUES (?)  [["version", "20160516122130"]]
  [1m[36m (12.0ms)[0m  [1mcommit transaction[0m
  [1m[35mActiveRecord::SchemaMigration Load (0.2ms)[0m  SELECT "schema_migrations".* FROM "schema_migrations"
  [1m[36mActiveRecord::SchemaMigration Load (0.2ms)[0m  [1mSELECT "schema_migrations".* FROM "schema_migrations"[0m
  [1m[35mActiveRecord::SchemaMigration Load (0.1ms)[0m  SELECT "schema_migrations".* FROM "schema_migrations"
  [1m[36mActiveRecord::SchemaMigration Load (0.2ms)[0m  [1mSELECT "schema_migrations".* FROM "schema_migrations"[0m
  [1m[35mActiveRecord::SchemaMigration Load (0.2ms)[0m  SELECT "schema_migrations".* FROM "schema_migrations"
  [1m[36mActiveRecord::SchemaMigration Load (0.2ms)[0m  [1mSELECT "schema_migrations".* FROM "schema_migrations"[0m
Migrating to FixColumnName (20160516123636)
  [1m[35m (0.2ms)[0m  begin transaction
  [1m[36m (0.2ms)[0m  [1mrollback transaction[0m
  [1m[36mActiveRecord::SchemaMigration Load (0.2ms)[0m  [1mSELECT "schema_migrations".* FROM "schema_migrations"[0m
Migrating to FixColumnName (20160516123636)
  [1m[35m (0.2ms)[0m  begin transaction
  [1m[36m (0.1ms)[0m  [1mrollback transaction[0m
  [1m[36mActiveRecord::SchemaMigration Load (0.2ms)[0m  [1mSELECT "schema_migrations".* FROM "schema_migrations"[0m
Migrating to FixColumnName (20160516123636)
  [1m[35m (0.2ms)[0m  begin transaction
  [1m[36m (3.3ms)[0m  [1mCREATE TEMPORARY TABLE "amicroposts" ("id" INTEGER PRIMARY KEY AUTOINCREMENT NOT NULL, "content" varchar, "user_id" integer, "created_at" datetime NOT NULL, "updated_at" datetime NOT NULL) [0m
  [1m[35m (0.1ms)[0m  SELECT * FROM "microposts"
  [1m[36m (0.3ms)[0m  [1mDROP TABLE "microposts"[0m
  [1m[35m (0.2ms)[0m  CREATE TABLE "microposts" ("id" INTEGER PRIMARY KEY AUTOINCREMENT NOT NULL, "content" varchar, "user_id" integer, "created_at" datetime NOT NULL, "updated_at" datetime NOT NULL) 
  [1m[36m (0.1ms)[0m  [1mSELECT * FROM "amicroposts"[0m
  [1m[35m (0.3ms)[0m  DROP TABLE "amicroposts"
  [1m[36mSQL (0.4ms)[0m  [1mINSERT INTO "schema_migrations" ("version") VALUES (?)[0m  [["version", "20160516123636"]]
  [1m[35m (13.9ms)[0m  commit transaction
  [1m[36mActiveRecord::SchemaMigration Load (0.2ms)[0m  [1mSELECT "schema_migrations".* FROM "schema_migrations"[0m


Started GET "/users" for 179.34.20.64 at 2016-05-16 12:39:50 +0000
  [1m[36mActiveRecord::SchemaMigration Load (0.2ms)[0m  [1mSELECT "schema_migrations".* FROM "schema_migrations"[0m
Processing by UsersController#index as HTML
  [1m[35mUser Load (0.3ms)[0m  SELECT "users".* FROM "users"
  Rendered users/index.html.erb within layouts/application (11.2ms)
Completed 200 OK in 567ms (Views: 549.2ms | ActiveRecord: 0.7ms)


Started GET "/assets/microposts.self-e3b0c44298fc1c149afbf4c8996fb92427ae41e4649b934ca495991b7852b855.css?body=1" for 179.34.20.64 at 2016-05-16 12:39:52 +0000


Started GET "/assets/microposts.self-877aef30ae1b040ab8a3aba4e3e309a11d7f2612f44dde450b5c157aa5f95c05.js?body=1" for 179.34.20.64 at 2016-05-16 12:39:52 +0000


Started GET "/micropost" for 179.34.20.64 at 2016-05-16 12:39:59 +0000

ActionController::RoutingError (No route matches [GET] "/micropost"):
  web-console (2.0.0.beta3) lib/action_dispatch/debug_exceptions.rb:22:in `middleware_call'
  web-console (2.0.0.beta3) lib/action_dispatch/debug_exceptions.rb:13:in `call'
  actionpack (4.2.2) lib/action_dispatch/middleware/show_exceptions.rb:30:in `call'
  railties (4.2.2) lib/rails/rack/logger.rb:38:in `call_app'
  railties (4.2.2) lib/rails/rack/logger.rb:20:in `block in call'
  activesupport (4.2.2) lib/active_support/tagged_logging.rb:68:in `block in tagged'
  activesupport (4.2.2) lib/active_support/tagged_logging.rb:26:in `tagged'
  activesupport (4.2.2) lib/active_support/tagged_logging.rb:68:in `tagged'
  railties (4.2.2) lib/rails/rack/logger.rb:20:in `call'
  actionpack (4.2.2) lib/action_dispatch/middleware/request_id.rb:21:in `call'
  rack (1.6.4) lib/rack/methodoverride.rb:22:in `call'
  rack (1.6.4) lib/rack/runtime.rb:18:in `call'
  activesupport (4.2.2) lib/active_support/cache/strategy/local_cache_middleware.rb:28:in `call'
  rack (1.6.4) lib/rack/lock.rb:17:in `call'
  actionpack (4.2.2) lib/action_dispatch/middleware/static.rb:113:in `call'
  rack (1.6.4) lib/rack/sendfile.rb:113:in `call'
  railties (4.2.2) lib/rails/engine.rb:518:in `call'
  railties (4.2.2) lib/rails/application.rb:164:in `call'
  rack (1.6.4) lib/rack/lock.rb:17:in `call'
  rack (1.6.4) lib/rack/content_length.rb:15:in `call'
  rack (1.6.4) lib/rack/handler/webrick.rb:88:in `service'
  /usr/local/rvm/rubies/ruby-2.3.0/lib/ruby/2.3.0/webrick/httpserver.rb:140:in `service'
  /usr/local/rvm/rubies/ruby-2.3.0/lib/ruby/2.3.0/webrick/httpserver.rb:96:in `run'
  /usr/local/rvm/rubies/ruby-2.3.0/lib/ruby/2.3.0/webrick/server.rb:296:in `block in start_thread'


  Rendered /usr/local/rvm/gems/ruby-2.3.0/gems/web-console-2.0.0.beta3/lib/action_dispatch/templates/rescues/_trace.html.erb (30.4ms)
  Rendered /usr/local/rvm/gems/ruby-2.3.0/gems/web-console-2.0.0.beta3/lib/action_dispatch/templates/rescues/routing_error.html.erb within rescues/layout (100.7ms)


Started GET "/microposts" for 179.34.20.64 at 2016-05-16 12:40:01 +0000
Processing by MicropostsController#index as HTML
  [1m[36mMicropost Load (0.4ms)[0m  [1mSELECT "microposts".* FROM "microposts"[0m
  Rendered microposts/index.html.erb within layouts/application (4.4ms)
Completed 200 OK in 70ms (Views: 64.0ms | ActiveRecord: 0.5ms)


Started GET "/microposts/new" for 179.34.20.64 at 2016-05-16 12:40:05 +0000
Processing by MicropostsController#new as HTML
  Rendered microposts/_form.html.erb (163.0ms)
  Rendered microposts/new.html.erb within layouts/application (168.6ms)
Completed 500 Internal Server Error in 191ms (ActiveRecord: 0.5ms)

NoMethodError (undefined method `text' for #<Micropost:0x007fba08632d28>):
  app/views/microposts/_form.html.erb:16:in `block in _app_views_microposts__form_html_erb___4522510759740115423_70218488917200'
  app/views/microposts/_form.html.erb:1:in `_app_views_microposts__form_html_erb___4522510759740115423_70218488917200'
  app/views/microposts/new.html.erb:3:in `_app_views_microposts_new_html_erb__3339363425086602060_70218489301080'


  Rendered /usr/local/rvm/gems/ruby-2.3.0/gems/web-console-2.0.0.beta3/lib/action_dispatch/templates/rescues/_source.erb (21.8ms)
  Rendered /usr/local/rvm/gems/ruby-2.3.0/gems/web-console-2.0.0.beta3/lib/action_dispatch/templates/rescues/_trace.html.erb (7.6ms)
  Rendered /usr/local/rvm/gems/ruby-2.3.0/gems/web-console-2.0.0.beta3/lib/action_dispatch/templates/rescues/_request_and_response.html.erb (1.9ms)
  Rendered /usr/local/rvm/gems/ruby-2.3.0/gems/web-console-2.0.0.beta3/lib/action_dispatch/templates/rescues/_web_console.html.erb (2.5ms)
  Rendered /usr/local/rvm/gems/ruby-2.3.0/gems/web-console-2.0.0.beta3/lib/action_dispatch/templates/rescues/diagnostics.html.erb within rescues/layout (133.0ms)


Started GET "/microposts/new" for 179.34.20.64 at 2016-05-16 12:40:07 +0000
Processing by MicropostsController#new as HTML
  Rendered microposts/_form.html.erb (16.4ms)
  Rendered microposts/new.html.erb within layouts/application (20.8ms)
Completed 500 Internal Server Error in 32ms (ActiveRecord: 0.0ms)

NoMethodError (undefined method `text' for #<Micropost:0x007fba0483fbd8>):
  app/views/microposts/_form.html.erb:16:in `block in _app_views_microposts__form_html_erb___4522510759740115423_70218458236900'
  app/views/microposts/_form.html.erb:1:in `_app_views_microposts__form_html_erb___4522510759740115423_70218458236900'
  app/views/microposts/new.html.erb:3:in `_app_views_microposts_new_html_erb__3339363425086602060_70218458196620'


  Rendered /usr/local/rvm/gems/ruby-2.3.0/gems/web-console-2.0.0.beta3/lib/action_dispatch/templates/rescues/_source.erb (20.7ms)
  Rendered /usr/local/rvm/gems/ruby-2.3.0/gems/web-console-2.0.0.beta3/lib/action_dispatch/templates/rescues/_trace.html.erb (3.5ms)
  Rendered /usr/local/rvm/gems/ruby-2.3.0/gems/web-console-2.0.0.beta3/lib/action_dispatch/templates/rescues/_request_and_response.html.erb (1.3ms)
  Rendered /usr/local/rvm/gems/ruby-2.3.0/gems/web-console-2.0.0.beta3/lib/action_dispatch/templates/rescues/_web_console.html.erb (1.3ms)
  Rendered /usr/local/rvm/gems/ruby-2.3.0/gems/web-console-2.0.0.beta3/lib/action_dispatch/templates/rescues/diagnostics.html.erb within rescues/layout (124.1ms)


Started GET "/microposts/new" for 179.34.20.64 at 2016-05-16 12:42:05 +0000
Processing by MicropostsController#new as HTML
  Rendered microposts/_form.html.erb (16.1ms)
  Rendered microposts/new.html.erb within layouts/application (19.8ms)
Completed 200 OK in 142ms (Views: 137.2ms | ActiveRecord: 0.0ms)


Started POST "/microposts" for 179.34.20.64 at 2016-05-16 12:42:20 +0000
Processing by MicropostsController#create as HTML
  Parameters: {"utf8"=>"✓", "authenticity_token"=>"xo2HNd5//yK0r2Xt3YSugbRVvkRKtA/q0RbaDsIgvg259BZVNZOLlRlRpif8vNulbWS2wW8RgKgZHt67gASiNw==", "micropost"=>{"content"=>"LOremauiraiur apouehrnpacournahocrnaocnroanoran", "user_id"=>"1"}, "commit"=>"Create Micropost"}
Unpermitted parameter: content
  [1m[35m (0.3ms)[0m  begin transaction
  [1m[36mSQL (0.9ms)[0m  [1mINSERT INTO "microposts" ("user_id", "created_at", "updated_at") VALUES (?, ?, ?)[0m  [["user_id", 1], ["created_at", "2016-05-16 12:42:20.584397"], ["updated_at", "2016-05-16 12:42:20.584397"]]
  [1m[35m (19.0ms)[0m  commit transaction
Redirected to https://rdamacedo-rails-tutorial-rdamacedo.c9users.io/microposts/1
Completed 302 Found in 35ms (ActiveRecord: 20.2ms)


Started GET "/microposts/1" for 179.34.20.64 at 2016-05-16 12:42:20 +0000
Processing by MicropostsController#show as HTML
  Parameters: {"id"=>"1"}
  [1m[36mMicropost Load (4.0ms)[0m  [1mSELECT  "microposts".* FROM "microposts" WHERE "microposts"."id" = ? LIMIT 1[0m  [["id", 1]]
  Rendered microposts/show.html.erb within layouts/application (1.8ms)
Completed 200 OK in 82ms (Views: 45.7ms | ActiveRecord: 4.0ms)


Started GET "/microposts/1" for 179.34.20.64 at 2016-05-16 12:42:45 +0000
Processing by MicropostsController#show as HTML
  Parameters: {"id"=>"1"}
  [1m[35mMicropost Load (0.2ms)[0m  SELECT  "microposts".* FROM "microposts" WHERE "microposts"."id" = ? LIMIT 1  [["id", 1]]
  Rendered microposts/show.html.erb within layouts/application (1.2ms)
Completed 200 OK in 35ms (Views: 32.8ms | ActiveRecord: 0.2ms)


Started GET "/microposts" for 179.34.20.64 at 2016-05-16 12:42:47 +0000
Processing by MicropostsController#index as HTML
  [1m[36mMicropost Load (0.3ms)[0m  [1mSELECT "microposts".* FROM "microposts"[0m
  Rendered microposts/index.html.erb within layouts/application (3.1ms)
Completed 200 OK in 42ms (Views: 41.0ms | ActiveRecord: 0.3ms)


Started GET "/microposts/1/edit" for 179.34.20.64 at 2016-05-16 12:42:50 +0000
Processing by MicropostsController#edit as HTML
  Parameters: {"id"=>"1"}
  [1m[35mMicropost Load (0.2ms)[0m  SELECT  "microposts".* FROM "microposts" WHERE "microposts"."id" = ? LIMIT 1  [["id", 1]]
  Rendered microposts/_form.html.erb (3.1ms)
  Rendered microposts/edit.html.erb within layouts/application (7.5ms)
Completed 200 OK in 50ms (Views: 48.2ms | ActiveRecord: 0.2ms)


Started PATCH "/microposts/1" for 179.34.20.64 at 2016-05-16 12:42:52 +0000
Processing by MicropostsController#update as HTML
  Parameters: {"utf8"=>"✓", "authenticity_token"=>"Xc5eIimZ51r84repDaJk1ffeoae2IUA4A67hqp0pdDUit89CwnWT7VEcdGMsmhHxLu+pIpOEz3rLpuUf3w1oDw==", "micropost"=>{"content"=>"1231231231", "user_id"=>"1"}, "commit"=>"Update Micropost", "id"=>"1"}
  [1m[36mMicropost Load (0.4ms)[0m  [1mSELECT  "microposts".* FROM "microposts" WHERE "microposts"."id" = ? LIMIT 1[0m  [["id", 1]]
Unpermitted parameter: content
  [1m[35m (0.3ms)[0m  begin transaction
  [1m[36m (0.2ms)[0m  [1mcommit transaction[0m
Redirected to https://rdamacedo-rails-tutorial-rdamacedo.c9users.io/microposts/1
Completed 302 Found in 5ms (ActiveRecord: 0.8ms)


Started GET "/microposts/1" for 179.34.20.64 at 2016-05-16 12:42:53 +0000
Processing by MicropostsController#show as HTML
  Parameters: {"id"=>"1"}
  [1m[35mMicropost Load (0.2ms)[0m  SELECT  "microposts".* FROM "microposts" WHERE "microposts"."id" = ? LIMIT 1  [["id", 1]]
  Rendered microposts/show.html.erb within layouts/application (0.5ms)
Completed 200 OK in 44ms (Views: 42.5ms | ActiveRecord: 0.2ms)


Started GET "/microposts" for 179.34.20.64 at 2016-05-16 12:43:10 +0000
Processing by MicropostsController#index as HTML
  [1m[36mMicropost Load (0.5ms)[0m  [1mSELECT "microposts".* FROM "microposts"[0m
  Rendered microposts/index.html.erb within layouts/application (4.8ms)
Completed 200 OK in 54ms (Views: 51.7ms | ActiveRecord: 0.5ms)


Started GET "/" for 201.76.168.36 at 2016-05-16 17:24:47 +0000
  [1m[36mActiveRecord::SchemaMigration Load (0.2ms)[0m  [1mSELECT "schema_migrations".* FROM "schema_migrations"[0m
Processing by ApplicationController#hello as HTML
  Rendered text template (0.0ms)
Completed 200 OK in 54ms (Views: 30.6ms | ActiveRecord: 0.0ms)


Started GET "/microposts" for 201.76.168.36 at 2016-05-16 17:24:54 +0000
Processing by MicropostsController#index as HTML
  [1m[35mMicropost Load (0.3ms)[0m  SELECT "microposts".* FROM "microposts"
  Rendered microposts/index.html.erb within layouts/application (12.0ms)
Completed 200 OK in 447ms (Views: 442.8ms | ActiveRecord: 0.7ms)


Started GET "/assets/scaffolds.self-a93484b278f2e5004afcdb4e78d039f3de005c799c2b9708e5e95373ff183efb.css?body=1" for 201.76.168.36 at 2016-05-16 17:24:55 +0000


Started GET "/assets/users.self-e3b0c44298fc1c149afbf4c8996fb92427ae41e4649b934ca495991b7852b855.css?body=1" for 201.76.168.36 at 2016-05-16 17:24:55 +0000


Started GET "/assets/microposts.self-e3b0c44298fc1c149afbf4c8996fb92427ae41e4649b934ca495991b7852b855.css?body=1" for 201.76.168.36 at 2016-05-16 17:24:55 +0000


Started GET "/assets/application.self-e80e8f2318043e8af94dddc2adad5a4f09739a8ebb323b3ab31cd71d45fd9113.css?body=1" for 201.76.168.36 at 2016-05-16 17:24:55 +0000


Started GET "/assets/jquery_ujs.self-8e98a7a072a6cee1372d19fff9ff3e6aa1e39a37d89d6f06861637d061113ee7.js?body=1" for 201.76.168.36 at 2016-05-16 17:24:55 +0000


Started GET "/assets/jquery.self-d03a5518f45df77341bdbe6201ba3bfa547ebba8ed64f0ea56bfa5f96ea7c074.js?body=1" for 201.76.168.36 at 2016-05-16 17:24:55 +0000


Started GET "/assets/microposts.self-877aef30ae1b040ab8a3aba4e3e309a11d7f2612f44dde450b5c157aa5f95c05.js?body=1" for 201.76.168.36 at 2016-05-16 17:24:55 +0000


Started GET "/assets/turbolinks.self-c846e670826600e8c91b1a5ada3e6547110d996cd6ff24cde55024f7a135a1b4.js?body=1" for 201.76.168.36 at 2016-05-16 17:24:55 +0000


Started GET "/assets/users.self-877aef30ae1b040ab8a3aba4e3e309a11d7f2612f44dde450b5c157aa5f95c05.js?body=1" for 201.76.168.36 at 2016-05-16 17:24:55 +0000


Started GET "/assets/application.self-3b8dabdc891efe46b9a144b400ad69e37d7e5876bdc39dee783419a69d7ca819.js?body=1" for 201.76.168.36 at 2016-05-16 17:24:55 +0000


Started GET "/microposts/new" for 201.76.168.36 at 2016-05-16 17:24:59 +0000
Processing by MicropostsController#new as HTML
  Rendered microposts/_form.html.erb (67.8ms)
  Rendered microposts/new.html.erb within layouts/application (82.6ms)
Completed 200 OK in 140ms (Views: 138.7ms | ActiveRecord: 0.0ms)


Started POST "/microposts" for 201.76.168.36 at 2016-05-16 17:25:02 +0000
Processing by MicropostsController#create as HTML
  Parameters: {"utf8"=>"✓", "authenticity_token"=>"RmMFMqjyWJ/t4DtrU8FJJ2zNkDCIW2TFgsUeBuYRHXWnLIeoUAp3IZ2C3QutFaN1cFweDF8JAzfESlxBcMnxwQ==", "micropost"=>{"content"=>"123", "user_id"=>"1"}, "commit"=>"Create Micropost"}
Unpermitted parameter: content
  [1m[36m (0.2ms)[0m  [1mbegin transaction[0m
  [1m[35mSQL (0.6ms)[0m  INSERT INTO "microposts" ("user_id", "created_at", "updated_at") VALUES (?, ?, ?)  [["user_id", 1], ["created_at", "2016-05-16 17:25:03.008621"], ["updated_at", "2016-05-16 17:25:03.008621"]]
  [1m[36m (13.0ms)[0m  [1mcommit transaction[0m
Redirected to https://rdamacedo-rails-tutorial-rdamacedo.c9users.io/microposts/2
Completed 302 Found in 29ms (ActiveRecord: 13.8ms)


Started GET "/microposts/2" for 201.76.168.36 at 2016-05-16 17:25:03 +0000
Processing by MicropostsController#show as HTML
  Parameters: {"id"=>"2"}
  [1m[35mMicropost Load (0.5ms)[0m  SELECT  "microposts".* FROM "microposts" WHERE "microposts"."id" = ? LIMIT 1  [["id", 2]]
  Rendered microposts/show.html.erb within layouts/application (8.5ms)
Completed 200 OK in 171ms (Views: 127.0ms | ActiveRecord: 0.5ms)


Started GET "/microposts" for 201.76.168.36 at 2016-05-16 17:25:04 +0000
Processing by MicropostsController#index as HTML
  [1m[36mMicropost Load (0.3ms)[0m  [1mSELECT "microposts".* FROM "microposts"[0m
  Rendered microposts/index.html.erb within layouts/application (5.6ms)
Completed 200 OK in 67ms (Views: 65.6ms | ActiveRecord: 0.3ms)
